<?xml version="1.0" encoding="UTF-8"?>
<testng-results ignored="0" total="1" passed="1" failed="0" skipped="0">
  <reporter-output>
    <line>
      <![CDATA[Hello]]>
    </line>
  </reporter-output>
  <suite started-at="2021-02-01T16:37:22Z" name="Default suite" finished-at="2021-02-01T16:37:22Z" duration-ms="95">
    <groups>
    </groups>
    <test started-at="2021-02-01T16:37:22Z" name="Default test" finished-at="2021-02-01T16:37:22Z" duration-ms="95">
      <class name="sample.Demo">
        <test-method signature="sample()[pri:0, instance:sample.Demo@3c9754d8]" started-at="2021-02-01T16:37:22Z" name="sample" finished-at="2021-02-01T16:37:22Z" duration-ms="21" status="PASS">
          <reporter-output>
            <line>
              <![CDATA[Hello]]>
            </line>
          </reporter-output>
        </test-method> <!-- sample -->
      </class> <!-- sample.Demo -->
    </test> <!-- Default test -->
  </suite> <!-- Default suite -->
</testng-results>
